11/30/2017 10:18:06 AM, Info: Initializing SIMPLSharp Services...
11/30/2017 10:18:07 AM, Info: ProjectInfo successfully initialized.
11/30/2017 10:20:54 AM, Info: Initializing SIMPLSharp Services...
11/30/2017 10:20:54 AM, Info: ProjectInfo successfully initialized.
11/30/2017 10:20:54 AM, Info: Saving project information...
11/30/2017 10:20:54 AM, Info: Saving project information...
11/30/2017 10:20:54 AM, Info: Saving project information...
11/30/2017 10:20:54 AM, Info: Saving project information...
11/30/2017 10:20:54 AM, Info: Saving project information...
11/30/2017 10:20:54 AM, Info: Saving project information...
11/30/2017 10:22:17 AM, Info: Saving project information...
11/30/2017 10:22:17 AM, Info: Saving project information...
11/30/2017 10:22:17 AM, Info: Saving project information...
11/30/2017 10:23:36 AM, Info: Saving project information...
11/30/2017 10:23:36 AM, Info: Saving project information...
11/30/2017 10:23:36 AM, Info: Saving project information...
11/30/2017 10:23:36 AM, Info: Saving project information...
11/30/2017 10:23:36 AM, Info: Saving project information...
11/30/2017 10:23:36 AM, Info: Saving project information...
11/30/2017 10:23:36 AM, Info: Initializing SIMPLSharp Services...
11/30/2017 10:23:36 AM, Info: ProjectInfo successfully initialized.
11/30/2017 10:24:49 AM, Info: Validating assembly C:\Users\dsavage\Documents\Visual Studio 2008\Projects\httptest\httptest\bin\Debug\httptest.dll...
11/30/2017 10:24:50 AM, Info: Verifying assembly C:\Users\dsavage\Documents\Visual Studio 2008\Projects\httptest\httptest\bin\Debug\httptest.dll
11/30/2017 10:24:50 AM, Info: Creating Archive C:\Users\dsavage\Documents\Visual Studio 2008\Projects\httptest\httptest\bin\Debug\httptest.clz...
11/30/2017 10:24:50 AM, Info: Saving project information...
11/30/2017 11:20:51 AM, Info: Initializing SIMPLSharp Services...
11/30/2017 11:20:51 AM, Info: ProjectInfo successfully initialized.
11/30/2017 11:24:51 AM, Info: Initializing SIMPLSharp Services...
11/30/2017 11:24:51 AM, Info: ProjectInfo successfully initialized.
11/30/2017 11:24:52 AM, Info: Saving project information...
11/30/2017 11:24:52 AM, Info: Saving project information...
11/30/2017 11:24:52 AM, Info: Saving project information...
11/30/2017 11:24:52 AM, Info: Saving project information...
11/30/2017 11:24:52 AM, Info: Saving project information...
11/30/2017 11:24:52 AM, Info: Saving project information...
11/30/2017 12:22:04 PM, Info: Validating assembly C:\Users\dsavage\Documents\Visual Studio 2008\Projects\LearningLibrary\LearningLibrary\bin\Debug\LearningLibrary.dll...
11/30/2017 12:22:04 PM, Info: Verifying assembly C:\Users\dsavage\Documents\Visual Studio 2008\Projects\LearningLibrary\LearningLibrary\bin\Debug\LearningLibrary.dll
11/30/2017 12:22:04 PM, Info: Creating Archive C:\Users\dsavage\Documents\Visual Studio 2008\Projects\LearningLibrary\LearningLibrary\bin\Debug\LearningLibrary.clz...
11/30/2017 12:22:05 PM, Info: Saving project information...
11/30/2017 1:52:19 PM, Info: Validating assembly C:\Users\dsavage\Documents\Visual Studio 2008\Projects\LearningLibrary\LearningLibrary\bin\Debug\LearningLibrary.dll...
11/30/2017 1:52:19 PM, Info: Verifying assembly C:\Users\dsavage\Documents\Visual Studio 2008\Projects\LearningLibrary\LearningLibrary\bin\Debug\LearningLibrary.dll
11/30/2017 1:52:19 PM, Info: Creating Archive C:\Users\dsavage\Documents\Visual Studio 2008\Projects\LearningLibrary\LearningLibrary\bin\Debug\LearningLibrary.clz...
11/30/2017 1:52:19 PM, Info: Saving project information...
11/30/2017 4:05:28 PM, Info: Validating assembly C:\Users\dsavage\Documents\Visual Studio 2008\Projects\LearningLibrary\LearningLibrary\bin\Debug\LearningLibrary.dll...
11/30/2017 4:05:28 PM, Info: Verifying assembly C:\Users\dsavage\Documents\Visual Studio 2008\Projects\LearningLibrary\LearningLibrary\bin\Debug\LearningLibrary.dll
11/30/2017 4:05:28 PM, Info: Creating Archive C:\Users\dsavage\Documents\Visual Studio 2008\Projects\LearningLibrary\LearningLibrary\bin\Debug\LearningLibrary.clz...
11/30/2017 4:05:28 PM, Info: Saving project information...
11/30/2017 5:02:49 PM, Info: Terminating SIMPLSharp Services
11/30/2017 5:02:49 PM, Info: Saving project information...
11/30/2017 5:02:49 PM, Info: Terminating SIMPLSharp Services
11/30/2017 5:02:49 PM, Info: Saving project information...
11/30/2017 5:02:49 PM, Info: Terminating SIMPLSharp Services
11/30/2017 5:02:49 PM, Info: Saving project information...
11/30/2017 5:02:49 PM, Info: Terminating SIMPLSharp Services
11/30/2017 5:02:49 PM, Info: Saving project information...
11/30/2017 5:02:49 PM, Info: Terminating SIMPLSharp Services
