12/1/2017 10:24:42 AM, Info: Initializing SIMPLSharp Services...
12/1/2017 10:24:42 AM, Info: ProjectInfo successfully initialized.
12/1/2017 11:28:29 AM, Info: Validating assembly C:\Users\dsavage\Documents\Visual Studio 2008\Projects\LearningLibrary\LearningLibrary\bin\Debug\LearningLibrary.dll...
12/1/2017 11:28:29 AM, Info: Verifying assembly C:\Users\dsavage\Documents\Visual Studio 2008\Projects\LearningLibrary\LearningLibrary\bin\Debug\LearningLibrary.dll
12/1/2017 11:28:29 AM, Info: Creating Archive C:\Users\dsavage\Documents\Visual Studio 2008\Projects\LearningLibrary\LearningLibrary\bin\Debug\LearningLibrary.clz...
12/1/2017 11:28:30 AM, Info: Saving project information...
12/1/2017 11:57:46 AM, Info: Validating assembly C:\Users\dsavage\Documents\Visual Studio 2008\Projects\LearningLibrary\LearningLibrary\bin\Debug\LearningLibrary.dll...
12/1/2017 11:57:46 AM, Info: Verifying assembly C:\Users\dsavage\Documents\Visual Studio 2008\Projects\LearningLibrary\LearningLibrary\bin\Debug\LearningLibrary.dll
12/1/2017 11:57:46 AM, Info: Creating Archive C:\Users\dsavage\Documents\Visual Studio 2008\Projects\LearningLibrary\LearningLibrary\bin\Debug\LearningLibrary.clz...
12/1/2017 11:57:46 AM, Info: Saving project information...
12/1/2017 12:20:32 PM, Info: Validating assembly C:\Users\dsavage\Documents\Visual Studio 2008\Projects\LearningLibrary\LearningLibrary\bin\Debug\LearningLibrary.dll...
12/1/2017 12:20:32 PM, Info: Verifying assembly C:\Users\dsavage\Documents\Visual Studio 2008\Projects\LearningLibrary\LearningLibrary\bin\Debug\LearningLibrary.dll
12/1/2017 12:20:32 PM, Info: Creating Archive C:\Users\dsavage\Documents\Visual Studio 2008\Projects\LearningLibrary\LearningLibrary\bin\Debug\LearningLibrary.clz...
12/1/2017 12:20:32 PM, Info: Saving project information...
12/1/2017 12:23:10 PM, Info: Validating assembly C:\Users\dsavage\Documents\Visual Studio 2008\Projects\LearningLibrary\LearningLibrary\bin\Debug\LearningLibrary.dll...
12/1/2017 12:23:10 PM, Info: Verifying assembly C:\Users\dsavage\Documents\Visual Studio 2008\Projects\LearningLibrary\LearningLibrary\bin\Debug\LearningLibrary.dll
12/1/2017 12:23:10 PM, Info: Creating Archive C:\Users\dsavage\Documents\Visual Studio 2008\Projects\LearningLibrary\LearningLibrary\bin\Debug\LearningLibrary.clz...
12/1/2017 12:23:10 PM, Info: Saving project information...
12/1/2017 3:21:47 PM, Info: Validating assembly C:\Users\dsavage\Documents\Visual Studio 2008\Projects\LearningLibrary\LearningLibrary\bin\Debug\LearningLibrary.dll...
12/1/2017 3:21:47 PM, Info: Verifying assembly C:\Users\dsavage\Documents\Visual Studio 2008\Projects\LearningLibrary\LearningLibrary\bin\Debug\LearningLibrary.dll
12/1/2017 3:21:48 PM, Info: Creating Archive C:\Users\dsavage\Documents\Visual Studio 2008\Projects\LearningLibrary\LearningLibrary\bin\Debug\LearningLibrary.clz...
12/1/2017 3:21:48 PM, Info: Saving project information...
12/1/2017 5:11:26 PM, Info: Terminating SIMPLSharp Services
